2025-02-17 11:01:16 INFO  TC002_LoginTest:16 - Starting TC002LoginTest*************************
2025-02-17 11:01:18 INFO  TC002_LoginTest:29 - Welcome to My account pAge********************
2025-02-17 11:01:18 INFO  TC002_LoginTest:44 - Fineshed the Test case**************************
2025-02-17 11:01:21 INFO  TC003_LoginDDT:27 - **** Starting TC_003_LoginDDT *****
2025-02-17 11:01:25 INFO  TC003_LoginDDT:42 - Welcome to My account pAge********************
2025-02-17 11:01:25 INFO  TC003_LoginDDT:78 - **** Finished TC_003_LoginDDT *****
2025-02-17 11:01:25 INFO  TC003_LoginDDT:27 - **** Starting TC_003_LoginDDT *****
2025-02-17 11:01:29 INFO  TC003_LoginDDT:42 - Welcome to My account pAge********************
2025-02-17 11:01:29 INFO  TC003_LoginDDT:78 - **** Finished TC_003_LoginDDT *****
2025-02-17 11:01:29 INFO  TC003_LoginDDT:27 - **** Starting TC_003_LoginDDT *****
2025-02-17 11:01:33 INFO  TC003_LoginDDT:42 - Welcome to My account pAge********************
2025-02-17 11:01:34 INFO  TC003_LoginDDT:78 - **** Finished TC_003_LoginDDT *****
2025-02-17 11:01:34 INFO  TC003_LoginDDT:27 - **** Starting TC_003_LoginDDT *****
2025-02-17 11:01:38 INFO  TC003_LoginDDT:42 - Welcome to My account pAge********************
2025-02-17 11:01:38 INFO  TC003_LoginDDT:27 - **** Starting TC_003_LoginDDT *****
2025-02-17 11:01:42 INFO  TC003_LoginDDT:42 - Welcome to My account pAge********************
2025-02-17 11:01:42 INFO  TC003_LoginDDT:78 - **** Finished TC_003_LoginDDT *****
2025-02-17 11:01:46 INFO  TC001_AccountRegistrationTest:18 - Test Case001_ Started************************
2025-02-17 11:01:46 INFO  TC001_AccountRegistrationTest:24 - clickMyAccount is happened
2025-02-17 11:01:46 INFO  TC001_AccountRegistrationTest:28 - click register happened
2025-02-17 11:01:47 INFO  TC001_AccountRegistrationTest:32 - Credential is added..................................
2025-02-17 11:01:47 INFO  TC001_AccountRegistrationTest:47 - Validating expected message
2025-02-17 11:01:48 INFO  TC001_AccountRegistrationTest:71 - Test case finished********************
2025-02-17 11:04:10 INFO  TC002_LoginTest:16 - Starting TC002LoginTest*************************
2025-02-17 11:04:11 INFO  TC002_LoginTest:29 - Welcome to My account pAge********************
2025-02-17 11:04:11 INFO  TC002_LoginTest:44 - Fineshed the Test case**************************
2025-02-17 11:04:13 INFO  TC001_AccountRegistrationTest:18 - Test Case001_ Started************************
2025-02-17 11:04:13 INFO  TC001_AccountRegistrationTest:24 - clickMyAccount is happened
2025-02-17 11:04:14 INFO  TC001_AccountRegistrationTest:28 - click register happened
2025-02-17 11:04:14 INFO  TC001_AccountRegistrationTest:32 - Credential is added..................................
2025-02-17 11:04:15 INFO  TC001_AccountRegistrationTest:47 - Validating expected message
2025-02-17 11:04:15 INFO  TC001_AccountRegistrationTest:71 - Test case finished********************
2025-02-17 11:08:17 INFO  TC002_LoginTest:16 - Starting TC002LoginTest*************************
2025-02-17 11:08:19 INFO  TC002_LoginTest:29 - Welcome to My account pAge********************
2025-02-17 11:08:19 INFO  TC002_LoginTest:44 - Fineshed the Test case**************************
2025-02-17 11:08:21 INFO  TC001_AccountRegistrationTest:18 - Test Case001_ Started************************
2025-02-17 11:08:21 INFO  TC001_AccountRegistrationTest:24 - clickMyAccount is happened
2025-02-17 11:08:21 INFO  TC001_AccountRegistrationTest:28 - click register happened
2025-02-17 11:08:21 INFO  TC001_AccountRegistrationTest:32 - Credential is added..................................
2025-02-17 11:08:22 INFO  TC001_AccountRegistrationTest:47 - Validating expected message
2025-02-17 11:08:22 INFO  TC001_AccountRegistrationTest:71 - Test case finished********************
2025-02-17 11:40:18 INFO  TC002_LoginTest:16 - Starting TC002LoginTest*************************
2025-02-17 11:40:19 INFO  TC002_LoginTest:29 - Welcome to My account pAge********************
2025-02-17 11:40:20 INFO  TC002_LoginTest:44 - Fineshed the Test case**************************
2025-02-17 11:40:22 INFO  TC001_AccountRegistrationTest:18 - Test Case001_ Started************************
2025-02-17 11:40:22 INFO  TC001_AccountRegistrationTest:24 - clickMyAccount is happened
2025-02-17 11:40:22 INFO  TC001_AccountRegistrationTest:28 - click register happened
2025-02-17 11:40:22 INFO  TC001_AccountRegistrationTest:32 - Credential is added..................................
2025-02-17 11:40:23 INFO  TC001_AccountRegistrationTest:47 - Validating expected message
2025-02-17 11:40:23 INFO  TC001_AccountRegistrationTest:71 - Test case finished********************
2025-02-17 11:43:45 INFO  TC002_LoginTest:16 - Starting TC002LoginTest*************************
2025-02-17 11:43:46 INFO  TC002_LoginTest:29 - Welcome to My account pAge********************
2025-02-17 11:43:46 INFO  TC002_LoginTest:44 - Fineshed the Test case**************************
2025-02-17 11:43:48 INFO  TC001_AccountRegistrationTest:18 - Test Case001_ Started************************
2025-02-17 11:43:48 INFO  TC001_AccountRegistrationTest:24 - clickMyAccount is happened
2025-02-17 11:43:49 INFO  TC001_AccountRegistrationTest:28 - click register happened
2025-02-17 11:43:49 INFO  TC001_AccountRegistrationTest:32 - Credential is added..................................
2025-02-17 11:43:49 INFO  TC001_AccountRegistrationTest:47 - Validating expected message
2025-02-17 11:43:50 INFO  TC001_AccountRegistrationTest:71 - Test case finished********************
